{"/Users/dhardy/Projects/npm/nestjs-taxjar/lib/taxjar-core.module.ts": {"path":"/Users/dhardy/Projects/npm/nestjs-taxjar/lib/taxjar-core.module.ts","statementMap":{"0":{"start":{"line":1,"column":0},"end":{"line":1,"column":79}},"1":{"start":{"line":2,"column":0},"end":{"line":2,"column":52}},"2":{"start":{"line":8,"column":0},"end":{"line":8,"column":null}},"3":{"start":{"line":16,"column":29},"end":{"line":83,"column":null}},"4":{"start":{"line":18,"column":25},"end":{"line":18,"column":55}},"5":{"start":{"line":20,"column":8},"end":{"line":24,"column":10}},"6":{"start":{"line":30,"column":35},"end":{"line":35,"column":10}},"7":{"start":{"line":34,"column":16},"end":{"line":34,"column":43}},"8":{"start":{"line":37,"column":8},"end":{"line":42,"column":10}},"9":{"start":{"line":48,"column":8},"end":{"line":50,"column":null}},"10":{"start":{"line":49,"column":12},"end":{"line":49,"column":62}},"11":{"start":{"line":51,"column":25},"end":{"line":51,"column":77}},"12":{"start":{"line":52,"column":8},"end":{"line":58,"column":10}},"13":{"start":{"line":64,"column":8},"end":{"line":70,"column":null}},"14":{"start":{"line":65,"column":12},"end":{"line":69,"column":14}},"15":{"start":{"line":71,"column":23},"end":{"line":75,"column":10}},"16":{"start":{"line":76,"column":8},"end":{"line":81,"column":10}},"17":{"start":{"line":78,"column":77},"end":{"line":79,"column":null}},"18":{"start":{"line":79,"column":16},"end":{"line":79,"column":null}},"19":{"start":{"line":16,"column":13},"end":{"line":83,"column":null}},"20":{"start":{"line":16,"column":13},"end":{"line":16,"column":29}}},"fnMap":{"0":{"name":"(anonymous_8)","decl":{"start":{"line":17,"column":11},"end":{"line":17,"column":17}},"loc":{"start":{"line":17,"column":54},"end":{"line":25,"column":5}}},"1":{"name":"(anonymous_9)","decl":{"start":{"line":27,"column":11},"end":{"line":27,"column":17}},"loc":{"start":{"line":28,"column":41},"end":{"line":43,"column":5}}},"2":{"name":"(anonymous_10)","decl":{"start":{"line":33,"column":24},"end":{"line":33,"column":25}},"loc":{"start":{"line":34,"column":16},"end":{"line":34,"column":43}}},"3":{"name":"(anonymous_11)","decl":{"start":{"line":45,"column":12},"end":{"line":45,"column":18}},"loc":{"start":{"line":46,"column":41},"end":{"line":59,"column":5}}},"4":{"name":"(anonymous_12)","decl":{"start":{"line":61,"column":12},"end":{"line":61,"column":18}},"loc":{"start":{"line":62,"column":41},"end":{"line":82,"column":5}}},"5":{"name":"(anonymous_13)","decl":{"start":{"line":78,"column":24},"end":{"line":78,"column":31}},"loc":{"start":{"line":78,"column":77},"end":{"line":79,"column":null}}},"6":{"name":"(anonymous_14)","decl":{"start":{"line":78,"column":77},"end":{"line":78,"column":null}},"loc":{"start":{"line":78,"column":77},"end":{"line":79,"column":null}}}},"branchMap":{"0":{"loc":{"start":{"line":48,"column":8},"end":{"line":50,"column":null}},"type":"if","locations":[{"start":{"line":48,"column":8},"end":{"line":50,"column":null}},{"start":{"line":48,"column":8},"end":{"line":50,"column":null}}]},"1":{"loc":{"start":{"line":48,"column":12},"end":{"line":48,"column":31}},"type":"binary-expr","locations":[{"start":{"line":48,"column":12},"end":{"line":48,"column":31}},{"start":{"line":48,"column":35},"end":{"line":48,"column":53}}]},"2":{"loc":{"start":{"line":64,"column":8},"end":{"line":70,"column":null}},"type":"if","locations":[{"start":{"line":64,"column":8},"end":{"line":70,"column":null}},{"start":{"line":64,"column":8},"end":{"line":70,"column":null}}]},"3":{"loc":{"start":{"line":66,"column":24},"end":{"line":66,"column":38}},"type":"binary-expr","locations":[{"start":{"line":66,"column":24},"end":{"line":66,"column":38}},{"start":{"line":66,"column":42},"end":{"line":66,"column":44}}]},"4":{"loc":{"start":{"line":72,"column":13},"end":{"line":72,"column":29}},"type":"binary-expr","locations":[{"start":{"line":72,"column":13},"end":{"line":72,"column":29}},{"start":{"line":72,"column":33},"end":{"line":72,"column":52}}]}},"s":{"0":2,"1":2,"2":2,"3":2,"4":3,"5":3,"6":3,"7":2,"8":3,"9":3,"10":2,"11":1,"12":1,"13":3,"14":2,"15":1,"16":1,"17":1,"18":1,"19":2,"20":2},"f":{"0":3,"1":3,"2":2,"3":3,"4":3,"5":1,"6":1},"b":{"0":[2,1],"1":[3,3],"2":[2,1],"3":[2,2],"4":[1,0]}}
,"/Users/dhardy/Projects/npm/nestjs-taxjar/lib/taxjar.module.ts": {"path":"/Users/dhardy/Projects/npm/nestjs-taxjar/lib/taxjar.module.ts","statementMap":{"0":{"start":{"line":1,"column":0},"end":{"line":1,"column":55}},"1":{"start":{"line":3,"column":0},"end":{"line":3,"column":56}},"2":{"start":{"line":10,"column":25},"end":{"line":28,"column":null}},"3":{"start":{"line":12,"column":8},"end":{"line":17,"column":10}},"4":{"start":{"line":23,"column":8},"end":{"line":26,"column":10}},"5":{"start":{"line":10,"column":13},"end":{"line":28,"column":null}},"6":{"start":{"line":10,"column":13},"end":{"line":10,"column":25}}},"fnMap":{"0":{"name":"(anonymous_1)","decl":{"start":{"line":11,"column":11},"end":{"line":11,"column":17}},"loc":{"start":{"line":11,"column":54},"end":{"line":18,"column":5}}},"1":{"name":"(anonymous_2)","decl":{"start":{"line":20,"column":11},"end":{"line":20,"column":17}},"loc":{"start":{"line":21,"column":41},"end":{"line":27,"column":5}}}},"branchMap":{},"s":{"0":2,"1":2,"2":2,"3":3,"4":3,"5":2,"6":2},"f":{"0":3,"1":3},"b":{}}
,"/Users/dhardy/Projects/npm/nestjs-taxjar/lib/common/index.ts": {"path":"/Users/dhardy/Projects/npm/nestjs-taxjar/lib/common/index.ts","statementMap":{"0":{"start":{"line":1,"column":0},"end":{"line":1,"column":35}},"1":{"start":{"line":2,"column":0},"end":{"line":2,"column":35}},"2":{"start":{"line":3,"column":0},"end":{"line":3,"column":30}}},"fnMap":{},"branchMap":{},"s":{"0":2,"1":2,"2":2},"f":{},"b":{}}
,"/Users/dhardy/Projects/npm/nestjs-taxjar/lib/common/taxjar.constants.ts": {"path":"/Users/dhardy/Projects/npm/nestjs-taxjar/lib/common/taxjar.constants.ts","statementMap":{"0":{"start":{"line":1,"column":13},"end":{"line":1,"column":59}},"1":{"start":{"line":2,"column":13},"end":{"line":2,"column":42}}},"fnMap":{},"branchMap":{},"s":{"0":2,"1":2},"f":{},"b":{}}
,"/Users/dhardy/Projects/npm/nestjs-taxjar/lib/common/taxjar.decorator.ts": {"path":"/Users/dhardy/Projects/npm/nestjs-taxjar/lib/common/taxjar.decorator.ts","statementMap":{"0":{"start":{"line":1,"column":0},"end":{"line":1,"column":40}},"1":{"start":{"line":2,"column":0},"end":{"line":2,"column":50}},"2":{"start":{"line":5,"column":4},"end":{"line":5,"column":32}},"3":{"start":{"line":4,"column":0},"end":{"line":4,"column":16}}},"fnMap":{"0":{"name":"InjectTaxJar","decl":{"start":{"line":4,"column":16},"end":{"line":4,"column":28}},"loc":{"start":{"line":4,"column":28},"end":{"line":6,"column":1}}}},"branchMap":{},"s":{"0":2,"1":2,"2":1,"3":2},"f":{"0":1},"b":{}}
,"/Users/dhardy/Projects/npm/nestjs-taxjar/lib/common/taxjar.util.ts": {"path":"/Users/dhardy/Projects/npm/nestjs-taxjar/lib/common/taxjar.util.ts","statementMap":{"0":{"start":{"line":2,"column":0},"end":{"line":2,"column":34}},"1":{"start":{"line":5,"column":19},"end":{"line":5,"column":38}},"2":{"start":{"line":6,"column":4},"end":{"line":6,"column":18}},"3":{"start":{"line":4,"column":0},"end":{"line":4,"column":16}}},"fnMap":{"0":{"name":"createTaxJarClient","decl":{"start":{"line":4,"column":16},"end":{"line":4,"column":34}},"loc":{"start":{"line":4,"column":63},"end":{"line":7,"column":1}}}},"branchMap":{},"s":{"0":2,"1":5,"2":5,"3":2},"f":{"0":5},"b":{}}
,"/Users/dhardy/Projects/npm/nestjs-taxjar/lib/providers/index.ts": {"path":"/Users/dhardy/Projects/npm/nestjs-taxjar/lib/providers/index.ts","statementMap":{"0":{"start":{"line":1,"column":0},"end":{"line":1,"column":34}}},"fnMap":{},"branchMap":{},"s":{"0":2},"f":{},"b":{}}
,"/Users/dhardy/Projects/npm/nestjs-taxjar/lib/providers/taxjar.provider.ts": {"path":"/Users/dhardy/Projects/npm/nestjs-taxjar/lib/providers/taxjar.provider.ts","statementMap":{"0":{"start":{"line":2,"column":0},"end":{"line":2,"column":61}},"1":{"start":{"line":5,"column":4},"end":{"line":8,"column":6}},"2":{"start":{"line":4,"column":0},"end":{"line":4,"column":16}}},"fnMap":{"0":{"name":"createTaxJarProviders","decl":{"start":{"line":4,"column":16},"end":{"line":4,"column":37}},"loc":{"start":{"line":4,"column":66},"end":{"line":9,"column":1}}}},"branchMap":{},"s":{"0":2,"1":3,"2":2},"f":{"0":3},"b":{}}
}
