TN:
SF:lib/taxjar-core.module.ts
FN:17,(anonymous_8)
FN:27,(anonymous_9)
FN:33,(anonymous_10)
FN:45,(anonymous_11)
FN:61,(anonymous_12)
FN:78,(anonymous_13)
FN:78,(anonymous_14)
FNF:7
FNH:7
FNDA:3,(anonymous_8)
FNDA:3,(anonymous_9)
FNDA:2,(anonymous_10)
FNDA:3,(anonymous_11)
FNDA:3,(anonymous_12)
FNDA:1,(anonymous_13)
FNDA:1,(anonymous_14)
DA:1,2
DA:2,2
DA:8,2
DA:16,2
DA:18,3
DA:20,3
DA:30,3
DA:34,2
DA:37,3
DA:48,3
DA:49,2
DA:51,1
DA:52,1
DA:64,3
DA:65,2
DA:71,1
DA:76,1
DA:78,1
DA:79,1
LF:19
LH:19
BRDA:48,0,0,2
BRDA:48,0,1,1
BRDA:48,1,0,3
BRDA:48,1,1,3
BRDA:64,2,0,2
BRDA:64,2,1,1
BRDA:66,3,0,2
BRDA:66,3,1,2
BRDA:72,4,0,1
BRDA:72,4,1,0
BRF:10
BRH:9
end_of_record
TN:
SF:lib/taxjar.module.ts
FN:11,(anonymous_1)
FN:20,(anonymous_2)
FNF:2
FNH:2
FNDA:3,(anonymous_1)
FNDA:3,(anonymous_2)
DA:1,2
DA:3,2
DA:10,2
DA:12,3
DA:23,3
LF:5
LH:5
BRF:0
BRH:0
end_of_record
TN:
SF:lib/common/index.ts
FNF:0
FNH:0
DA:1,2
DA:2,2
DA:3,2
LF:3
LH:3
BRF:0
BRH:0
end_of_record
TN:
SF:lib/common/taxjar.constants.ts
FNF:0
FNH:0
DA:1,2
DA:2,2
LF:2
LH:2
BRF:0
BRH:0
end_of_record
TN:
SF:lib/common/taxjar.decorator.ts
FN:4,InjectTaxJar
FNF:1
FNH:1
FNDA:1,InjectTaxJar
DA:1,2
DA:2,2
DA:4,2
DA:5,1
LF:4
LH:4
BRF:0
BRH:0
end_of_record
TN:
SF:lib/common/taxjar.util.ts
FN:4,createTaxJarClient
FNF:1
FNH:1
FNDA:5,createTaxJarClient
DA:2,2
DA:4,2
DA:5,5
DA:6,5
LF:4
LH:4
BRF:0
BRH:0
end_of_record
TN:
SF:lib/providers/index.ts
FNF:0
FNH:0
DA:1,2
LF:1
LH:1
BRF:0
BRH:0
end_of_record
TN:
SF:lib/providers/taxjar.provider.ts
FN:4,createTaxJarProviders
FNF:1
FNH:1
FNDA:3,createTaxJarProviders
DA:2,2
DA:4,2
DA:5,3
LF:3
LH:3
BRF:0
BRH:0
end_of_record
